[2025-05-03 19:22:03] ALTA - Trabajador 2323 - Nuevo trabajador: EMANUEL NUVIOLA - Depto: DEPARTAMENTO
[2025-05-03 21:24:51] ALTA - Trabajador 23 - Nuevo trabajador: EMANUEL NUVIOLA - Depto: DEPA
[2025-05-03 21:29:26] MODIFICACION - Trabajador 23 - Cambio de estado de baja
[2025-05-03 21:36:14] MODIFICACION - Trabajador 23 - Cambio de estado de baja
[2025-05-03 21:38:31] ALTA - Trabajador 45 - Nuevo trabajador: GILBERTO - Depto: BAHIA
[2025-05-03 22:12:26] ALTA - Trabajador 4577 - Nuevo trabajador: RENE - Depto: ELECTRICIDAD
[2025-05-03 22:13:45] MODIFICACION - Trabajador 4577 - Cambio de Grupo Escala a: 6
[2025-05-03 23:05:28] MODIFICACION - Trabajador 23 - Cambio de estado de baja
[2025-05-03 23:26:39] BAJA - Trabajador 4577 - Trabajador eliminado del sistema
[2025-05-04 18:16:10] BAJA - Trabajador 4577 - Trabajador eliminado del sistema
[2025-05-04 18:16:31] BAJA - Trabajador 23 - Trabajador eliminado del sistema
[2025-05-04 18:27:21] ALTA - Trabajador 23 - Nuevo trabajador: emanuel - Depto: depa
[2025-05-04 19:48:49] MODIFICACION - Trabajador 23 - Cambio de estado de baja
[2025-05-05 15:09:44] MODIFICACION - Trabajador 23 - Cambio de estado de baja a: No
[2025-05-05 15:20:27] BAJA - Trabajador 23 - Trabajador eliminado del sistema
[2025-05-05 15:23:49] ALTA - Trabajador 23 - Nuevo trabajador: EMANUEL - Depto: EMA
[2025-05-05 21:51:22] MODIFICACION - Trabajador 23 - Cambio de departamento a: DEPA
[2025-05-05 22:03:17] BAJA - Trabajador 23 - Trabajador eliminado del sistema
[2025-05-05 22:11:07] ALTA - Trabajador 23 - Nuevo trabajador: EMANUEL - Depto: DEPA
[2025-05-12 16:51:28] MODIFICACION - Trabajador 23 - Cambio de nombre a: EMA
[2025-05-17 20:14:45] ALTA - Trabajador 2509 - Nuevo trabajador: Rene E Hernandez Alvarez - Depto: 508
[2025-05-17 20:15:43] MODIFICACION - Trabajador 2509 - Modificación de datos del trabajador
[2025-05-17 20:17:46] BAJA - Trabajador 23 - Trabajador eliminado: EMA
[2025-05-17 20:23:04] ALTA - Trabajador 6378 - Nuevo trabajador: Ariel Vilanoba Mora - Depto: 515
[2025-05-17 20:23:29] MODIFICACION - Trabajador 6378 - Modificación de datos del trabajador
[2025-05-17 21:37:11] MODIFICACION - Trabajador 6378 - Modificación de datos del trabajador
[2025-05-17 22:19:27] ALTA - Trabajador 2222 - Nuevo trabajador: asdasd - Depto: deasd
[2025-05-17 22:57:57] MODIFICACION - Trabajador 2509 - Modificación de datos del trabajador
[2025-05-17 22:58:28] MODIFICACION - Trabajador 2222 - Modificación de datos del trabajador
[2025-05-17 23:11:11] ALTA - Trabajador 222 - Nuevo trabajador: asd - Depto: asd
[2025-05-17 23:36:24] ALTA - Trabajador 22 - Nuevo trabajador: asdasd - Depto: AAAAAA
[2025-05-18 01:19:08] MODIFICACION - Trabajador 222 - Modificación de datos del trabajador
[2025-05-18 01:19:50] MODIFICACION - Trabajador 222 - Modificación de datos del trabajador
[2025-05-18 01:20:13] MODIFICACION - Trabajador 222 - Modificación de datos del trabajador
[2025-05-18 01:29:42] MODIFICACION - Trabajador 222 - Modificación de datos del trabajador
[2025-05-18 01:30:04] MODIFICACION - Trabajador 222 - Modificación de datos del trabajador
[2025-05-18 01:30:32] MODIFICACION - Trabajador 222 - Modificación de datos del trabajador
[2025-05-18 01:30:42] MODIFICACION - Trabajador 222 - Modificación de datos del trabajador
[2025-05-18 01:30:53] MODIFICACION - Trabajador 222 - Modificación de datos del trabajador
[2025-05-18 01:35:14] MODIFICACION - Trabajador 2323 - Modificación de datos del trabajador
[2025-05-18 01:35:31] MODIFICACION - Trabajador 22 - Modificación de datos del trabajador
[2025-05-18 01:35:36] MODIFICACION - Trabajador 22 - Modificación de datos del trabajador
[2025-05-18 22:32:53] MODIFICACION - Trabajador 22 - Modificación de datos del trabajador
[2025-05-18 23:16:39] MODIFICACION - Trabajador 2323 - Modificación de datos del trabajador
[2025-05-18 23:45:32] ALTA - Trabajador 222 - Nuevo trabajador: asd - Depto: asdasd
[2025-05-18 23:45:48] BAJA - Trabajador 222 - Trabajador eliminado: asd
[2025-05-19 00:08:53] ALTA - Trabajador 23231 - Nuevo trabajador: asdasd2 - Depto: aaaa
[2025-05-19 00:09:09] MODIFICACION - Trabajador 2323 - Modificación de datos del trabajador
[2025-05-19 15:51:37] MODIFICACION - Trabajador 23231 - Modificación de datos del trabajador
[2025-05-19 15:58:10] MODIFICACION - Trabajador 2323 - Modificación de datos del trabajador
[2025-05-19 16:07:55] MODIFICACION - Trabajador 2323 - Modificación de datos del trabajador
[2025-05-19 16:40:24] MODIFICACION - Trabajador 2323 - Modificación de datos del trabajador
[2025-05-19 16:41:07] ALTA - Trabajador 222333333 - Nuevo trabajador: afaf - Depto: fasafasf
[2025-05-19 16:41:24] MODIFICACION - Trabajador 222333333 - Modificación de datos del trabajador
[2025-05-19 16:51:44] MODIFICACION - Trabajador 2323 - Modificación de datos del trabajador
[2025-05-19 16:52:11] BAJA - Trabajador 222333333 - Trabajador eliminado: afaf
[2025-05-19 16:53:19] ALTA - Trabajador 55555 - Nuevo trabajador: eeeeeeee - Depto: qqqqqqq
[2025-05-19 16:53:39] MODIFICACION - Trabajador 55555 - Modificación de datos del trabajador
[2025-05-19 16:54:05] ALTA - Trabajador 2131 - Nuevo trabajador: dwq - Depto: qewqwe
[2025-05-21 15:24:20] BAJA - Trabajador 2131 - Trabajador eliminado: dwq
[2025-05-21 15:25:19] BAJA - Trabajador 55555 - Trabajador eliminado: eeeeeeee
[2025-06-15 17:08:20] MODIFICACION - Trabajador 2323 - Modificación de datos del trabajador
[2025-06-16 12:18:33] ALTA - Trabajador 1242 - Nuevo trabajador: Lazaro - Depto: Electricidad
[2025-06-16 12:20:42] ALTA - Trabajador 20202 - Nuevo trabajador: ekamsek - Depto: ksdksjd
